<?xml version="1.0" encoding="UTF-8"?>
<testng-results ignored="0" total="1" passed="1" failed="0" skipped="0">
  <reporter-output>
  </reporter-output>
  <suite started-at="2021-01-07T15:48:07Z" name="HelloWorldTest" finished-at="2021-01-07T15:48:07Z" duration-ms="49">
    <groups>
    </groups>
    <test started-at="2021-01-07T15:48:07Z" name="Command line test" finished-at="2021-01-07T15:48:07Z" duration-ms="49">
      <class name="HelloWorldTest">
        <test-method signature="logn()[pri:0, instance:HelloWorldTest@25d250c6]" started-at="2021-01-07T15:48:07Z" name="logn" finished-at="2021-01-07T15:48:07Z" duration-ms="10" status="PASS">
          <reporter-output>
          </reporter-output>
        </test-method> <!-- logn -->
      </class> <!-- HelloWorldTest -->
    </test> <!-- Command line test -->
  </suite> <!-- HelloWorldTest -->
</testng-results>
